Build started 27/11/2013 13:21:37.
     1>Project "J:\IP\MySimpleGimp.vcxproj" on node 2 (Build target(s)).
     1>C:\Program Files\MSBuild\Microsoft.Cpp\v4.0\V110\Microsoft.CppBuild.targets(345,5): warning MSB8004: Intermediate Directory does not end with a trailing slash.  This build instance will add the slash as it is required to allow proper evaluation of the Intermediate Directory.
     1>ClCompile:
         C:\Program Files\Microsoft Visual Studio 11.0\VC\bin\CL.exe /c /IC:\software\qt\5.1.1\msvc2012\include\QtGui\5.1.1 /Isrc /Isrc\core /Isrc\gui /IC:\software\qt\5.1.1\msvc2012\include /IC:\software\qt\5.1.1\msvc2012\include\QtWidgets /IC:\software\qt\5.1.1\msvc2012\include\QtGui /IC:\software\qt\5.1.1\msvc2012\include\QtANGLE /IC:\software\qt\5.1.1\msvc2012\include\QtCore /Idebug /I. /I"C:\software\qt\5.1.1\msvc2012\mkspecs\win32-msvc2012" /I.\GeneratedFiles /Zi /nologo /W2 /WX- /Od /Oy- /D _WINDOWS /D UNICODE /D WIN32 /D QT_WIDGETS_LIB /D QT_GUI_LIB /D QT_CORE_LIB /D QT_OPENGL_ES_2 /D QT_OPENGL_ES_2_ANGLE /Gm- /EHsc /MDd /GS /fp:precise /Zc:wchar_t /Zc:forScope /GR /Fo"Win32\Debug\\" /Fd"Win32\Debug\vc110.pdb" /Gd /TP /analyze- /errorReport:prompt -Zm200 -w34100 -w34189 src\core\transformations\histogram_equalization.cpp src\core\transformations\transformation.cpp
         histogram_equalization.cpp
     1>src\core\transformations\histogram_equalization.cpp(35): error C3867: 'QHash<Key,T>::const_iterator::key': function call missing argument list; use '&QHash<Key,T>::const_iterator::key' to create a pointer to member
                 with
                 [
                     Key=int,
                     T=int
                 ]
     1>src\core\transformations\histogram_equalization.cpp(35): error C2107: illegal index, indirection not allowed
     1>src\core\transformations\histogram_equalization.cpp(50): error C3867: 'QHash<Key,T>::const_iterator::key': function call missing argument list; use '&QHash<Key,T>::const_iterator::key' to create a pointer to member
                 with
                 [
                     Key=int,
                     T=int
                 ]
     1>src\core\transformations\histogram_equalization.cpp(50): error C2107: illegal index, indirection not allowed
     1>src\core\transformations\histogram_equalization.cpp(65): error C3867: 'QHash<Key,T>::const_iterator::key': function call missing argument list; use '&QHash<Key,T>::const_iterator::key' to create a pointer to member
                 with
                 [
                     Key=int,
                     T=int
                 ]
     1>src\core\transformations\histogram_equalization.cpp(65): error C2107: illegal index, indirection not allowed
     1>src\core\transformations\histogram_equalization.cpp(80): error C3867: 'QHash<Key,T>::const_iterator::key': function call missing argument list; use '&QHash<Key,T>::const_iterator::key' to create a pointer to member
                 with
                 [
                     Key=int,
                     T=int
                 ]
     1>src\core\transformations\histogram_equalization.cpp(80): error C2107: illegal index, indirection not allowed
         transformation.cpp
     1>src\core\transformations\transformation.cpp(119): error C2065: 'l' : undeclared identifier
         Generating Code...
     1>Done Building Project "J:\IP\MySimpleGimp.vcxproj" (Build target(s)) -- FAILED.

Build FAILED.

Time Elapsed 00:00:13.19
